2022-06-22 19:48:09,133 - __main__ - INFO - Found stash at 1110,300
2022-06-22 19:48:24,097 - __main__ - INFO - Let go: (823, 559)
2022-06-22 19:48:35,311 - __main__ - INFO - Checking images/collectRes/stash/1.png
2022-06-22 19:48:35,407 - __main__ - INFO - Checking images/collectRes/stash/2.png
2022-06-22 19:48:35,493 - __main__ - INFO - Checking images/collectRes/stash/3.png
2022-06-22 19:48:35,577 - __main__ - INFO - Checking images/collectRes/stash/4.png
2022-06-22 19:48:35,662 - __main__ - INFO - Checking images/collectRes/stash/5.png
2022-06-22 19:51:19,107 - __main__ - INFO - Let go: (823, 559)
2022-06-22 19:51:30,280 - __main__ - INFO - Checking images/collectRes/stash/1.png
2022-06-22 19:51:30,371 - __main__ - INFO - Checking images/collectRes/stash/2.png
2022-06-22 19:51:30,454 - __main__ - INFO - Checking images/collectRes/stash/3.png
2022-06-22 19:51:30,537 - __main__ - INFO - Checking images/collectRes/stash/4.png
2022-06-22 19:51:30,622 - __main__ - INFO - Checking images/collectRes/stash/5.png
2022-06-22 19:54:13,826 - __main__ - INFO - Let go: (823, 559)
2022-06-22 19:54:24,738 - __main__ - INFO - Checking images/collectRes/stash/1.png
2022-06-22 19:54:24,827 - __main__ - INFO - Checking images/collectRes/stash/2.png
2022-06-22 19:54:24,911 - __main__ - INFO - Checking images/collectRes/stash/3.png
2022-06-22 19:54:24,994 - __main__ - INFO - Checking images/collectRes/stash/4.png
2022-06-22 19:54:25,079 - __main__ - INFO - Checking images/collectRes/stash/5.png
2022-06-22 19:57:08,300 - __main__ - INFO - Let go: (823, 559)
2022-06-22 19:57:19,204 - __main__ - INFO - Checking images/collectRes/stash/1.png
2022-06-22 19:57:19,343 - __main__ - INFO - Checking images/collectRes/stash/2.png
2022-06-22 19:57:19,455 - __main__ - INFO - Checking images/collectRes/stash/3.png
2022-06-22 19:57:19,593 - __main__ - INFO - Checking images/collectRes/stash/4.png
2022-06-22 19:57:19,685 - __main__ - INFO - Checking images/collectRes/stash/5.png
2022-06-22 19:57:35,826 - __main__ - INFO - Found wine at 1112,300
2022-06-22 19:57:56,037 - __main__ - INFO - Let go: (823, 559)
2022-06-22 19:58:06,918 - __main__ - INFO - Checking images/collectRes/wine/1.png
2022-06-22 20:00:50,163 - __main__ - INFO - Let go: (823, 559)
2022-06-22 20:01:01,401 - __main__ - INFO - Checking images/collectRes/wine/1.png
2022-06-22 20:03:39,232 - __main__ - INFO - Let go: (823, 559)
2022-06-22 20:03:50,217 - __main__ - INFO - Checking images/collectRes/wine/1.png
2022-06-22 20:06:33,583 - __main__ - INFO - Let go: (823, 559)
2022-06-22 20:06:44,447 - __main__ - INFO - Checking images/collectRes/wine/1.png
2022-06-22 20:09:27,768 - __main__ - INFO - Let go: (823, 559)
2022-06-22 20:09:38,758 - __main__ - INFO - Checking images/collectRes/wine/1.png
2022-06-22 20:12:21,958 - __main__ - INFO - Let go: (823, 559)
2022-06-22 20:12:32,870 - __main__ - INFO - Checking images/collectRes/wine/1.png
2022-06-22 20:15:16,201 - __main__ - INFO - Let go: (823, 559)
2022-06-22 20:15:27,200 - __main__ - INFO - Checking images/collectRes/wine/1.png
2022-06-22 20:18:04,999 - __main__ - INFO - Let go: (823, 559)
2022-06-22 20:18:15,897 - __main__ - INFO - Checking images/collectRes/wine/1.png
2022-06-22 20:20:59,021 - __main__ - INFO - Let go: (823, 559)
2022-06-22 20:21:09,892 - __main__ - INFO - Checking images/collectRes/wine/1.png
